C51 COMPILER V9.52.0.0   MAIN                                                              12/19/2017 20:30:14 PAGE 1   


C51 COMPILER V9.52.0.0, COMPILATION OF MODULE MAIN
OBJECT MODULE PLACED IN main.OBJ
COMPILER INVOKED BY: G:\keil\C51\BIN\C51.EXE main.c BROWSE DEBUG OBJECTEXTEND TABS(2)

line level    source

   1          #include <reg52.h>
   2          
   3          typedef unsigned char u8;
   4          typedef unsigned int u16;
   5          
   6          sbit LSA=P2^2;
   7          sbit LSB=P2^3;
   8          sbit LSC=P2^4;
   9          int receiveData;
  10          
  11          u8 code smgduan[]={0x3f,0x06,0x5b,0x4f,0x66,0x6d,0x7d,0x07,
  12                    0x7f,0x6f,0x40,0x00};
  13          
  14          void delay(u16 i);
  15          void DigDisplay(int num);
  16          void itoa(int num,int arr[]);
  17          void UsartInit();
  18          void Usart();
  19          
  20          void main()
  21          {
  22   1        UsartInit();
  23   1        while(1)
  24   1        {
  25   2          DigDisplay(receiveData);
  26   2        }
  27   1      }
  28          
  29          void delay(u16 i)
  30          {
  31   1        while(i--); 
  32   1      }
  33          
  34          void DigDisplay(int num)
  35          {
  36   1        int i;
  37   1        int arr[8];
  38   1        itoa(num,arr);
  39   1        for(i=0;i<8;i++)
  40   1        {
  41   2          switch(i)
  42   2          {
  43   3            case(0):
  44   3              LSA=0;LSB=0;LSC=0; break;
  45   3            case(1):
  46   3              LSA=1;LSB=0;LSC=0; break;
  47   3            case(2):
  48   3              LSA=0;LSB=1;LSC=0; break;
  49   3            case(3):
  50   3              LSA=1;LSB=1;LSC=0; break;
  51   3            case(4):
  52   3              LSA=0;LSB=0;LSC=1; break;
  53   3            case(5):
  54   3              LSA=1;LSB=0;LSC=1; break;
  55   3            case(6):
C51 COMPILER V9.52.0.0   MAIN                                                              12/19/2017 20:30:14 PAGE 2   

  56   3              LSA=0;LSB=1;LSC=1; break;
  57   3            case(7):
  58   3              LSA=1;LSB=1;LSC=1; break; 
  59   3          }
  60   2          P0=smgduan[arr[i]];
  61   2          delay(100); 
  62   2          P0=0x00;
  63   2        }
  64   1      }
  65          
  66          void itoa(int num,int arr[])
  67          {
  68   1        int j;
  69   1        if(num<0)
  70   1        {
  71   2          arr[7] = 10;
  72   2          num = -num;
  73   2        }
  74   1        else
  75   1          arr[7]=num/1e7;
  76   1        for(j=0;j<7;j++)
  77   1        {
  78   2          arr[j]=num%10;
  79   2          num/=10;
  80   2        }
  81   1      }
  82          
  83          void UsartInit()
  84          {
  85   1        TMOD = 0x20;
  86   1        TH1 = 0xF3;
  87   1        TL1 = 0xF3;
  88   1        PCON = 0x80;
  89   1        TR1 = 1;
  90   1        SCON = 0x50;
  91   1        ES = 1;
  92   1        EA = 1;
  93   1      }
  94          
  95          void Usart() interrupt 4
  96          {
  97   1        receiveData = SBUF;
  98   1        RI = 0;
  99   1        SBUF = receiveData;
 100   1        while(!TI);
 101   1        TI = 0;
 102   1      }


MODULE INFORMATION:   STATIC OVERLAYABLE
   CODE SIZE        =    369    ----
   CONSTANT SIZE    =     12    ----
   XDATA SIZE       =   ----    ----
   PDATA SIZE       =   ----    ----
   DATA SIZE        =      2      23
   IDATA SIZE       =   ----    ----
   BIT SIZE         =   ----    ----
END OF MODULE INFORMATION.


C51 COMPILATION COMPLETE.  0 WARNING(S),  0 ERROR(S)
