C51 COMPILER V9.52.0.0   MAIN                                                              12/04/2017 21:52:12 PAGE 1   


C51 COMPILER V9.52.0.0, COMPILATION OF MODULE MAIN
OBJECT MODULE PLACED IN main.OBJ
COMPILER INVOKED BY: G:\keil\C51\BIN\C51.EXE main.c BROWSE DEBUG OBJECTEXTEND TABS(2)

line level    source

   1          #include <reg52.h>
   2          
   3          typedef unsigned char u8;
   4          typedef unsigned int u16;
   5          
   6          sbit led = P2^0;
   7          sbit k3 = P3^2;
   8          
   9          void delay(u16 i);
  10          void Int0Init();  //外部中断0的初始化
  11          void Int0();    //中断函数
  12          
  13          void main()
  14          {
  15   1        while(1)
  16   1        {
  17   2          Int0Init();
  18   2        }
  19   1        led = 0;
  20   1      }
  21          
  22          void delay(u16 i)
  23          {
  24   1        while(i--);
  25   1      }
  26          
  27          void Int0Init()
  28          {
  29   1        EA = 1;
  30   1        EX0 = 1;
  31   1        IT0 = 1;
  32   1      }
  33          
  34          void Int0() interrupt 0
  35          {
  36   1        //delay(1000);
  37   1        if(k3 == 0)
  38   1          led =~ led;
  39   1      }
*** WARNING C294 IN LINE 19 OF main.c: unreachable code


MODULE INFORMATION:   STATIC OVERLAYABLE
   CODE SIZE        =     29    ----
   CONSTANT SIZE    =   ----    ----
   XDATA SIZE       =   ----    ----
   PDATA SIZE       =   ----    ----
   DATA SIZE        =   ----    ----
   IDATA SIZE       =   ----    ----
   BIT SIZE         =   ----    ----
END OF MODULE INFORMATION.


C51 COMPILATION COMPLETE.  1 WARNING(S),  0 ERROR(S)
