C51 COMPILER V9.52.0.0   MAIN                                                              11/29/2017 16:52:32 PAGE 1   


C51 COMPILER V9.52.0.0, COMPILATION OF MODULE MAIN
OBJECT MODULE PLACED IN main.OBJ
COMPILER INVOKED BY: G:\keil\C51\BIN\C51.EXE main.c BROWSE DEBUG OBJECTEXTEND TABS(2)

line level    source

   1          #include <reg52.h>
   2          #include <intrins.h>
   3          
   4          #define led P2
   5          
   6          typedef unsigned char u8;
   7          typedef unsigned int u16;
   8          
   9          sbit beep = P1^5;
  10          
  11          void delay(u16 i)
  12          {
  13   1        while(i--);
  14   1      }
  15          
  16          void main()
  17          {
  18   1        u8 i;
  19   1        led = 0xff;
  20   1        delay(10000);
  21   1        while(1)
  22   1        {
  23   2          for(i=0;i<7;i++)
  24   2          {
  25   3            beep =~ beep;
  26   3            led = _crol_(led,1);
  27   3            delay(10000);
  28   3          }
  29   2        }
  30   1      }


MODULE INFORMATION:   STATIC OVERLAYABLE
   CODE SIZE        =     51    ----
   CONSTANT SIZE    =   ----    ----
   XDATA SIZE       =   ----    ----
   PDATA SIZE       =   ----    ----
   DATA SIZE        =   ----    ----
   IDATA SIZE       =   ----    ----
   BIT SIZE         =   ----    ----
END OF MODULE INFORMATION.


C51 COMPILATION COMPLETE.  0 WARNING(S),  0 ERROR(S)
