C51 COMPILER V9.52.0.0   MAIN                                                              12/05/2017 11:08:07 PAGE 1   


C51 COMPILER V9.52.0.0, COMPILATION OF MODULE MAIN
OBJECT MODULE PLACED IN main.OBJ
COMPILER INVOKED BY: G:\keil\C51\BIN\C51.EXE main.c BROWSE DEBUG OBJECTEXTEND TABS(2)

line level    source

   1          #include <reg52.h>
   2          
   3          typedef unsigned char u8;
   4          typedef unsigned int u16;
   5          
   6          sbit led = P2^0;
   7          
   8          void Timer0Init();
   9          void Timer();
  10          
  11          void main()
  12          {
  13   1        Timer0Init();
  14   1        while(1);
  15   1      }
  16          
  17          void Timer0Init()
  18          {
  19   1        TMOD = 0x01;
  20   1        TH0 = 0xfc;
  21   1        TL0 = 0x18;
  22   1        ET0 = 1;
  23   1        EA = 1;
  24   1        TR0 = 1;
  25   1      }
  26          
  27          void Timer() interrupt 1
  28          {
  29   1        static u16 i;
  30   1        TH0 = 0xfc;
  31   1        TL0 = 0x18;
  32   1        i++;
  33   1        if(i == 1000)
  34   1        {
  35   2          i = 0;
  36   2          led =~ led;
  37   2        }
  38   1      }


MODULE INFORMATION:   STATIC OVERLAYABLE
   CODE SIZE        =     60    ----
   CONSTANT SIZE    =   ----    ----
   XDATA SIZE       =   ----    ----
   PDATA SIZE       =   ----    ----
   DATA SIZE        =      2    ----
   IDATA SIZE       =   ----    ----
   BIT SIZE         =   ----    ----
END OF MODULE INFORMATION.


C51 COMPILATION COMPLETE.  0 WARNING(S),  0 ERROR(S)
