C51 COMPILER V9.50a   MAIN                                                                 11/28/2017 21:43:38 PAGE 1   


C51 COMPILER V9.50a, COMPILATION OF MODULE MAIN
OBJECT MODULE PLACED IN main.OBJ
COMPILER INVOKED BY: G:\keil\C51\BIN\C51.EXE main.c BROWSE DEBUG OBJECTEXTEND TABS(2)

line level    source

   1          #include <reg52.h>
   2          #define led P0
   3          
   4          typedef unsigned char u8;
   5          typedef unsigned int u16;
   6          
   7          u8 code smgduan[]={0x3f,0x06,0x5b,0x4f,0x66,0x6d,0x7d,0x07,
   8                               0x7f,0x6f,0x77,0x7c,0x39,0x5e,0x79,0x71};
   9          sbit  a = P2^2;
  10          sbit  b = P2^3;
  11          sbit  c = P2^4;
  12          sbit  le = P1^0;
  13          
  14          void delay(u16 i);
  15          
  16          void main()
  17          {
  18   1        u8 i;
  19   1        a = 0;
  20   1        b = 0;
  21   1        c = 0;
  22   1        le = 1;
  23   1        led = smgduan[2];
  24   1        le = 0;
  25   1        while(1)
  26   1        {
  27   2          for(i=0;i<17;i++)
  28   2          {
  29   3            le = 1;
  30   3            led = smgduan[i%16];
  31   3            le = 0;
  32   3            delay(50000000);
  33   3          }
  34   2        }
  35   1      }
  36          
  37          void delay(u16 i)
  38          {
  39   1        while(i--);
  40   1      }


MODULE INFORMATION:   STATIC OVERLAYABLE
   CODE SIZE        =     63    ----
   CONSTANT SIZE    =     16    ----
   XDATA SIZE       =   ----    ----
   PDATA SIZE       =   ----    ----
   DATA SIZE        =   ----       1
   IDATA SIZE       =   ----    ----
   BIT SIZE         =   ----    ----
END OF MODULE INFORMATION.


C51 COMPILATION COMPLETE.  0 WARNING(S),  0 ERROR(S)
