C51 COMPILER V9.52.0.0   MAIN                                                              12/22/2017 23:04:42 PAGE 1   


C51 COMPILER V9.52.0.0, COMPILATION OF MODULE MAIN
OBJECT MODULE PLACED IN main.OBJ
COMPILER INVOKED BY: G:\keil\C51\BIN\C51.EXE main.c BROWSE DEBUG OBJECTEXTEND TABS(2)

line level    source

   1          #include <reg52.h>
   2          
   3          typedef unsigned  int u16;
   4          typedef unsigned  char u8;
   5          
   6          sbit  P2_2 = P2^2;
   7          
   8          void  Delay(u16 i);   //延时函数  
   9          void  Timer0Init();   //高优先级的定时器，用于产生38kHz的方波信号
  10          void  Timer0();
  11          void  SendBit(u16 b);   //发送一位数据
  12          void  SendCmd();
  13          
  14          void main()
  15          {
  16   1        Timer0Init(); 
  17   1        P2_2 = 0;
  18   1        while(1)
  19   1        {
  20   2          SendCmd();
  21   2          Delay(100000);
  22   2        }
  23   1      }
  24          
  25          void Delay(u16 i)
  26          {
  27   1        while(i--);
  28   1      }
  29          
  30          void  Timer0Init()
  31          {
  32   1          TMOD|= 0x02;  //工作方式2：8位重装载定时器                    
  33   1          TL0 = 0xF3; 
  34   1          TH0 = 0xF3;
  35   1        
  36   1          PT0 = 1;      //高优先级
  37   1          TR0 = 0;      //定时器起停位
  38   1        
  39   1          ET0 = 1;      //中断允许
  40   1          EA = 1;       //总中断开启
  41   1      }
  42          
  43          /*********************************
  44          功能：38kHz方波信号
  45          *********************************/
  46          void  Timer0() interrupt 1
  47          {
  48   1        P2_2 =~ P2_2;
  49   1      }
  50          
  51          /*********************************
  52          功能：发送一位数据
  53          *********************************/
  54          void  SendBit(u16 b)
  55          {
C51 COMPILER V9.52.0.0   MAIN                                                              12/22/2017 23:04:42 PAGE 2   

  56   1        TL0 = 0xF3; 
  57   1        TH0 = 0xF3;
  58   1        TR0 = 1;
  59   1        Delay(33);
  60   1        TR0 = 0;
  61   1        if(b)
  62   1          Delay(170);
  63   1        else
  64   1          Delay(46);
  65   1      }
  66          
  67          void  SendCmd()
  68          {
  69   1        u16 Comd1[3] = {0xC050,0x040A,0x4000};
  70   1        u16 Comd2[3] = {0x0044,0x0009,0x8000};
  71   1        int i,j;
  72   1        TL0 = 0xF3; 
  73   1        TH0 = 0xF3;
  74   1        TR0 = 1;
  75   1        Delay(470);
  76   1        TR0 = 0;
  77   1        Delay(500);
  78   1        for(i=0;i<2;i++)
  79   1        {
  80   2          for(j=0;j<16;j++)
  81   2          {
  82   3            SendBit(Comd1[i] & 0x8000);
  83   3            Comd1[i] <<= 1;
  84   3          }
  85   2        }
  86   1        for(i=0;i<4;i++)
  87   1        {
  88   2          SendBit(Comd1[2] & 0x8000);
  89   2          Comd1[2] <<= 1;
  90   2        }
  91   1        Delay(2200);
  92   1        for(i=0;i<2;i++)
  93   1        {
  94   2          for(j=0;j<16;j++)
  95   2          {
  96   3            SendBit(Comd2[i] & 0x8000);
  97   3            Comd2[i] <<= 1;
  98   3          }
  99   2        }
 100   1        SendBit(Comd2[2] & 0x8000);
 101   1        TR0 = 0;
 102   1      }
 103          


MODULE INFORMATION:   STATIC OVERLAYABLE
   CODE SIZE        =    346    ----
   CONSTANT SIZE    =     12    ----
   XDATA SIZE       =   ----    ----
   PDATA SIZE       =   ----    ----
   DATA SIZE        =   ----      14
   IDATA SIZE       =   ----    ----
   BIT SIZE         =   ----    ----
END OF MODULE INFORMATION.


C51 COMPILATION COMPLETE.  0 WARNING(S),  0 ERROR(S)
