C51 COMPILER V9.52.0.0   MAIN                                                              12/01/2017 21:08:17 PAGE 1   


C51 COMPILER V9.52.0.0, COMPILATION OF MODULE MAIN
OBJECT MODULE PLACED IN main.OBJ
COMPILER INVOKED BY: G:\keil\C51\BIN\C51.EXE main.c BROWSE DEBUG OBJECTEXTEND TABS(2)

line level    source

   1          #include <reg51.h>
   2          typedef unsigned char u8;
   3          typedef unsigned int u16;
   4          
   5          //管脚定义
   6          sbit SRCLK = P3^6;
   7          sbit RCLK = P3^5;
   8          sbit SER = P3^4;
   9          
  10          void delay(u16 i);
  11          void Hc595SendByte(u8 byte);
  12          
  13          //数据显示
  14          u8 ledduanxuan[]={0x00,0x00,0x3e,0x41,0x41,0x41,0x3e,0x00};
  15          u8 ledweixuan[]={0x7f,0xbf,0xdf,0xef,0xf7,0xfb,0xfd,0xfe};
  16          
  17          void main()
  18          {
  19   1        u8 i;
  20   1        while(1)
  21   1        {
  22   2          for(i=0;i<8;i++)
  23   2          {
  24   3            P0 = ledweixuan[i];
  25   3            Hc595SendByte(ledduanxuan[i]);
  26   3            delay(100);
  27   3            Hc595SendByte(0x00);
  28   3          }
  29   2        }
  30   1      }
  31          
  32          void delay(u16 i)
  33          {
  34   1        while(i--);
  35   1      }
  36          
  37          void Hc595SendByte(u8 byte)
  38          {
  39   1        u8 i = 0;
  40   1        SRCLK = 0;
  41   1        RCLK = 0;
  42   1        for(i=0;i<8;i++)
  43   1        {
  44   2          SER = byte>>7;
  45   2          byte<<=1;
  46   2          SRCLK = 1;
  47   2          SRCLK = 0;
  48   2        }
  49   1        RCLK = 1;
  50   1        RCLK = 0;
  51   1      }


MODULE INFORMATION:   STATIC OVERLAYABLE
   CODE SIZE        =     89    ----
C51 COMPILER V9.52.0.0   MAIN                                                              12/01/2017 21:08:17 PAGE 2   

   CONSTANT SIZE    =   ----    ----
   XDATA SIZE       =   ----    ----
   PDATA SIZE       =   ----    ----
   DATA SIZE        =     16       1
   IDATA SIZE       =   ----    ----
   BIT SIZE         =   ----    ----
END OF MODULE INFORMATION.


C51 COMPILATION COMPLETE.  0 WARNING(S),  0 ERROR(S)
