C51 COMPILER V9.52.0.0   MAIN                                                              11/30/2017 16:53:01 PAGE 1   


C51 COMPILER V9.52.0.0, COMPILATION OF MODULE MAIN
OBJECT MODULE PLACED IN main.OBJ
COMPILER INVOKED BY: G:\keil\C51\BIN\C51.EXE main.c BROWSE DEBUG OBJECTEXTEND TABS(2)

line level    source

   1          #include "reg52.h"  
   2          
   3          typedef unsigned int u16; 
   4          typedef unsigned char u8;
   5          
   6          sbit LSA=P2^2;
   7          sbit LSB=P2^3;
   8          sbit LSC=P2^4;
   9          
  10          u8 code smgduan[]={0x3f,0x06,0x5b,0x4f,0x66,0x6d,0x7d,0x07,
  11                    0x7f,0x6f,0x40,0x00};
  12          
  13          void delay(u16 i);
  14          void DigDisplay(int num);
  15          void DigDisplayfloat(float num);
  16          void itoa(int num,int arr[]);
  17          
  18          void main()
  19          { 
  20   1        while(1)
  21   1        { 
  22   2          DigDisplayfloat(1.1);
  23   2        }   
  24   1      }
  25          
  26          void delay(u16 i)
  27          {
  28   1        while(i--); 
  29   1      }
  30          
  31          void DigDisplay(int num)
  32          {
  33   1        int i;
  34   1        int arr[8];
  35   1        itoa(num,arr);
  36   1        for(i=0;i<8;i++)
  37   1        {
  38   2          switch(i)
  39   2          {
  40   3            case(0):
  41   3              LSA=0;LSB=0;LSC=0; break;
  42   3            case(1):
  43   3              LSA=1;LSB=0;LSC=0; break;
  44   3            case(2):
  45   3              LSA=0;LSB=1;LSC=0; break;
  46   3            case(3):
  47   3              LSA=1;LSB=1;LSC=0; break;
  48   3            case(4):
  49   3              LSA=0;LSB=0;LSC=1; break;
  50   3            case(5):
  51   3              LSA=1;LSB=0;LSC=1; break;
  52   3            case(6):
  53   3              LSA=0;LSB=1;LSC=1; break;
  54   3            case(7):
  55   3              LSA=1;LSB=1;LSC=1; break; 
C51 COMPILER V9.52.0.0   MAIN                                                              11/30/2017 16:53:01 PAGE 2   

  56   3          }
  57   2          P0=smgduan[arr[i]];
  58   2          delay(100); 
  59   2          P0=0x00;
  60   2        }
  61   1      }
  62          
  63          void DigDisplayfloat(float num)
  64          {
  65   1        int i;
  66   1        int arr[8];
  67   1        itoa(num*100,arr);
  68   1        for(i=0;i<8;i++)
  69   1        {
  70   2          switch(i)
  71   2          {
  72   3            case(0):
  73   3              LSA=0;LSB=0;LSC=0; break;
  74   3            case(1):
  75   3              LSA=1;LSB=0;LSC=0; break;
  76   3            case(2):
  77   3              LSA=0;LSB=1;LSC=0; break;
  78   3            case(3):
  79   3              LSA=1;LSB=1;LSC=0; break;
  80   3            case(4):
  81   3              LSA=0;LSB=0;LSC=1; break;
  82   3            case(5):
  83   3              LSA=1;LSB=0;LSC=1; break;
  84   3            case(6):
  85   3              LSA=0;LSB=1;LSC=1; break;
  86   3            case(7):
  87   3              LSA=1;LSB=1;LSC=1; break; 
  88   3          }
  89   2          if(i==2)
  90   2            P0=smgduan[arr[i]]+0x80;
  91   2          else
  92   2            P0=smgduan[arr[i]];
  93   2          delay(100); 
  94   2          P0=0x00;
  95   2        }
  96   1      }
  97          
  98          void itoa(int num,int arr[])
  99          {
 100   1        int j;
 101   1        if(num<0)
 102   1        {
 103   2          arr[7] = 10;
 104   2          num = -num;
 105   2        }
 106   1        else
 107   1          arr[7]=num/1e7;
 108   1        for(j=0;j<7;j++)
 109   1        {
 110   2          arr[j]=num%10;
 111   2          num/=10;
 112   2        }
 113   1      }


MODULE INFORMATION:   STATIC OVERLAYABLE
   CODE SIZE        =    527    ----
C51 COMPILER V9.52.0.0   MAIN                                                              11/30/2017 16:53:01 PAGE 3   

   CONSTANT SIZE    =     12    ----
   XDATA SIZE       =   ----    ----
   PDATA SIZE       =   ----    ----
   DATA SIZE        =   ----      43
   IDATA SIZE       =   ----    ----
   BIT SIZE         =   ----    ----
END OF MODULE INFORMATION.


C51 COMPILATION COMPLETE.  0 WARNING(S),  0 ERROR(S)
