C51 COMPILER V9.52.0.0   MAIN                                                              11/30/2017 21:08:22 PAGE 1   


C51 COMPILER V9.52.0.0, COMPILATION OF MODULE MAIN
OBJECT MODULE PLACED IN main.OBJ
COMPILER INVOKED BY: G:\keil\C51\BIN\C51.EXE main.c BROWSE DEBUG OBJECTEXTEND TABS(2)

line level    source

   1          #include <reg52.h>
   2          typedef unsigned char u8;
   3          typedef unsigned int u16;
   4          
   5          #define GPIO_DIG P0
   6          #define GPIO_KEY P1
   7          
   8          //数码管3-8译码器输入
   9          sbit LSA=P2^2;
  10          sbit LSB=P2^3;
  11          sbit LSC=P2^4;
  12          
  13          u8 code smgduan[17]={0x3f,0x06,0x5b,0x4f,0x66,0x6d,0x7d,0x07,
  14                                0x7f,0x6f,0x77,0x7c,0x39,0x5e,0x79,0x71};
  15          
  16          u8 KeyValue;    //存放键值
  17          
  18          void delay(u16 i);
  19          void KeyDown();
  20          
  21          void main()
  22          {
  23   1        while(1)
  24   1        {
  25   2          KeyDown();
  26   2          GPIO_DIG=smgduan[KeyValue];
  27   2        }
  28   1      }
  29          
  30          void delay(u16 i)
  31          {
  32   1        while(i--);
  33   1      }
  34          
  35          void KeyDown()
  36          {
  37   1        u8 time=0;
  38   1        GPIO_KEY=0x0f;
  39   1        if(GPIO_KEY!=0x0f)
  40   1        {
  41   2          delay(1000);
  42   2          if(GPIO_KEY!=0x0f)
  43   2          { 
  44   3            GPIO_KEY=0X0F;
  45   3            switch(GPIO_KEY)
  46   3            {
  47   4              case(0X07): KeyValue=0;break;
  48   4              case(0X0b): KeyValue=1;break;
  49   4              case(0X0d): KeyValue=2;break;
  50   4              case(0X0e): KeyValue=3;break;
  51   4            }
  52   3            GPIO_KEY=0XF0;
  53   3            switch(GPIO_KEY)
  54   3            {
  55   4              case(0X70): KeyValue=KeyValue;break;
C51 COMPILER V9.52.0.0   MAIN                                                              11/30/2017 21:08:22 PAGE 2   

  56   4              case(0Xb0): KeyValue=KeyValue+4;break;
  57   4              case(0Xd0): KeyValue=KeyValue+8;break;
  58   4              case(0Xe0): KeyValue=KeyValue+12;break;
  59   4            }
  60   3            while((time<50)&&(GPIO_KEY!=0xf0))
  61   3            {
  62   4              delay(1000);
  63   4              time++;
  64   4            }
  65   3          }
  66   2        }
  67   1      }


MODULE INFORMATION:   STATIC OVERLAYABLE
   CODE SIZE        =    154    ----
   CONSTANT SIZE    =     17    ----
   XDATA SIZE       =   ----    ----
   PDATA SIZE       =   ----    ----
   DATA SIZE        =      1       1
   IDATA SIZE       =   ----    ----
   BIT SIZE         =   ----    ----
END OF MODULE INFORMATION.


C51 COMPILATION COMPLETE.  0 WARNING(S),  0 ERROR(S)
