C51 COMPILER V9.52.0.0   MAIN                                                              11/30/2017 18:07:47 PAGE 1   


C51 COMPILER V9.52.0.0, COMPILATION OF MODULE MAIN
OBJECT MODULE PLACED IN main.OBJ
COMPILER INVOKED BY: G:\keil\C51\BIN\C51.EXE main.c BROWSE DEBUG OBJECTEXTEND TABS(2)

line level    source

   1          #include <reg52.h>
   2          
   3          typedef unsigned char u8;
   4          typedef unsigned int u16;
   5          
   6          sbit led = P2^0;
   7          sbit k1 = P3^1;
   8          
   9          void delay(u16 i);
  10          void keypurse();
  11          
  12          void main()
  13          {
  14   1        while(1)
  15   1        {
  16   2          keypurse();
  17   2        }
  18   1      }
  19          
  20          void delay(u16 i)
  21          {
  22   1        while(i--);
  23   1      }
  24          
  25          void keypurse()
  26          {
  27   1        if(k1==0)
  28   1        {
  29   2          delay(1000);
  30   2          if(k1==0)
  31   2          {
  32   3            led =~ led;
  33   3          }
  34   2          while(!k1);
  35   2        }
  36   1      }


MODULE INFORMATION:   STATIC OVERLAYABLE
   CODE SIZE        =     35    ----
   CONSTANT SIZE    =   ----    ----
   XDATA SIZE       =   ----    ----
   PDATA SIZE       =   ----    ----
   DATA SIZE        =   ----    ----
   IDATA SIZE       =   ----    ----
   BIT SIZE         =   ----    ----
END OF MODULE INFORMATION.


C51 COMPILATION COMPLETE.  0 WARNING(S),  0 ERROR(S)
